
Showing logs for build [32mcb-kubecd-environment-pr-80-3-b-257xm-1[0m stage [32mfrom-build-pack[0m and container [32mstep-credential-initializer-mj22r[0m
{"level":"warn","ts":1578416356.15601,"logger":"fallback-logger","caller":"logging/config.go:69","msg":"Fetch GitHub commit ID from kodata failed: \"ref: refs/heads/master\" is not a valid GitHub commit ID"}
{"level":"info","ts":1578416356.1565354,"logger":"fallback-logger","caller":"creds-init/main.go:40","msg":"Credentials initialized."}

Showing logs for build [32mcb-kubecd-environment-pr-80-3-b-257xm-1[0m stage [32mfrom-build-pack[0m and container [32mstep-working-dir-initializer-k8c6b[0m
{"level":"warn","ts":1578416356.964236,"logger":"fallback-logger","caller":"logging/config.go:69","msg":"Fetch GitHub commit ID from kodata failed: open /var/run/ko/HEAD: no such file or directory"}
{"level":"info","ts":1578416356.9662964,"logger":"fallback-logger","caller":"bash/main.go:65","msg":"Successfully executed command \"mkdir -p /workspace/source\""}

Showing logs for build [32mcb-kubecd-environment-pr-80-3-b-257xm-1[0m stage [32mfrom-build-pack[0m and container [32mstep-place-tools[0m

Showing logs for build [32mcb-kubecd-environment-pr-80-3-b-257xm-1[0m stage [32mfrom-build-pack[0m and container [32mstep-git-source-cb-kubecd-environment-pr-80-3-b-fhrzz[0m
{"level":"warn","ts":1578416385.0606637,"logger":"fallback-logger","caller":"logging/config.go:69","msg":"Fetch GitHub commit ID from kodata failed: \"ref: refs/heads/master\" is not a valid GitHub commit ID"}
{"level":"info","ts":1578416386.1039026,"logger":"fallback-logger","caller":"git/git.go:102","msg":"Successfully cloned https://github.com/cb-kubecd/environment-pr-80-3-boot-gke-production.git @ master in path /workspace/source"}

Showing logs for build [32mcb-kubecd-environment-pr-80-3-b-257xm-1[0m stage [32mfrom-build-pack[0m and container [32mstep-git-merge[0m
Using SHAs from PULL_REFS=master:48d589d4abe7e011eb412059bf3ddb1e02cd8b57,1:3a3ee8a900890d115d559155df8f909ccd244bc7
DEBUG: ran git fetch --unshallow origin 3a3ee8a900890d115d559155df8f909ccd244bc7: 48d589d4abe7e011eb412059bf3ddb1e02cd8b57: in 
DEBUG: ran git checkout master in 
DEBUG: ran git reset --hard 48d589d4abe7e011eb412059bf3ddb1e02cd8b57 in 
DEBUG: ran clean --force -d . in 
DEBUG: ran git merge 3a3ee8a900890d115d559155df8f909ccd244bc7 in 
Merged SHA 3a3ee8a900890d115d559155df8f909ccd244bc7 with commit message 'chore: Promote bdd-spring-1578415453 to version 0.0.1' into base branch master

Showing logs for build [32mcb-kubecd-environment-pr-80-3-b-257xm-1[0m stage [32mfrom-build-pack[0m and container [32mstep-build-helm-build[0m
WARNING: No $CHART_REPOSITORY defined so using the default value of: http://jenkins-x-chartmuseum:8080
Adding missing Helm repo: storage.googleapis.com https://storage.googleapis.com/chartmuseum.jenkins-x.io
Read credentials for https://storage.googleapis.com/chartmuseum.jenkins-x.io from vault helm/repos
Successfully added Helm repository storage.googleapis.com.
Adding missing Helm repo: jenkins-x-chartmuseum http://jenkins-x-chartmuseum:8080
Read credentials for http://jenkins-x-chartmuseum:8080 from vault helm/repos
Successfully added Helm repository jenkins-x-chartmuseum.
WARNING: No $CHART_REPOSITORY defined so using the default value of: http://jenkins-x-chartmuseum:8080
Adding missing Helm repo: chartmuseum.jenkins-x.io http://chartmuseum.jenkins-x.io
Read credentials for http://chartmuseum.jenkins-x.io from vault helm/repos
Successfully added Helm repository chartmuseum.jenkins-x.io.
